running egg_info
creating ../../build/exercises/exercises.egg-info
writing ../../build/exercises/exercises.egg-info/PKG-INFO
writing dependency_links to ../../build/exercises/exercises.egg-info/dependency_links.txt
writing entry points to ../../build/exercises/exercises.egg-info/entry_points.txt
writing requirements to ../../build/exercises/exercises.egg-info/requires.txt
writing top-level names to ../../build/exercises/exercises.egg-info/top_level.txt
writing manifest file '../../build/exercises/exercises.egg-info/SOURCES.txt'
reading manifest file '../../build/exercises/exercises.egg-info/SOURCES.txt'
writing manifest file '../../build/exercises/exercises.egg-info/SOURCES.txt'
running build
running build_py
creating /workspaces/ros2-python-course/build/exercises/build
creating /workspaces/ros2-python-course/build/exercises/build/lib
creating /workspaces/ros2-python-course/build/exercises/build/lib/exercises
copying exercises/ex1.py -> /workspaces/ros2-python-course/build/exercises/build/lib/exercises
copying exercises/__init__.py -> /workspaces/ros2-python-course/build/exercises/build/lib/exercises
copying exercises/ex1_solution.py -> /workspaces/ros2-python-course/build/exercises/build/lib/exercises
running install
running install_lib
creating /workspaces/ros2-python-course/install/exercises/lib/python3.10/site-packages/exercises
copying /workspaces/ros2-python-course/build/exercises/build/lib/exercises/ex1.py -> /workspaces/ros2-python-course/install/exercises/lib/python3.10/site-packages/exercises
copying /workspaces/ros2-python-course/build/exercises/build/lib/exercises/__init__.py -> /workspaces/ros2-python-course/install/exercises/lib/python3.10/site-packages/exercises
copying /workspaces/ros2-python-course/build/exercises/build/lib/exercises/ex1_solution.py -> /workspaces/ros2-python-course/install/exercises/lib/python3.10/site-packages/exercises
byte-compiling /workspaces/ros2-python-course/install/exercises/lib/python3.10/site-packages/exercises/ex1.py to ex1.cpython-310.pyc
byte-compiling /workspaces/ros2-python-course/install/exercises/lib/python3.10/site-packages/exercises/__init__.py to __init__.cpython-310.pyc
byte-compiling /workspaces/ros2-python-course/install/exercises/lib/python3.10/site-packages/exercises/ex1_solution.py to ex1_solution.cpython-310.pyc
running install_data
creating /workspaces/ros2-python-course/install/exercises/share/ament_index
creating /workspaces/ros2-python-course/install/exercises/share/ament_index/resource_index
creating /workspaces/ros2-python-course/install/exercises/share/ament_index/resource_index/packages
copying resource/exercises -> /workspaces/ros2-python-course/install/exercises/share/ament_index/resource_index/packages
copying package.xml -> /workspaces/ros2-python-course/install/exercises/share/exercises
running install_egg_info
Copying ../../build/exercises/exercises.egg-info to /workspaces/ros2-python-course/install/exercises/lib/python3.10/site-packages/exercises-0.0.0-py3.10.egg-info
running install_scripts
Installing ex1 script to /workspaces/ros2-python-course/install/exercises/lib/exercises
writing list of installed files to '/workspaces/ros2-python-course/build/exercises/install.log'
