[0.681s] Invoking command in '/workspaces/ros2-python-course/src/exercises': PYTHONPATH=/workspaces/ros2-python-course/build/exercises/prefix_override:/workspaces/ros2-python-course/install/exercises/lib/python3.10/site-packages:${PYTHONPATH} /usr/bin/python3 setup.py egg_info --egg-base ../../build/exercises build --build-base /workspaces/ros2-python-course/build/exercises/build install --record /workspaces/ros2-python-course/build/exercises/install.log --single-version-externally-managed
[0.915s] running egg_info
[0.916s] creating ../../build/exercises/exercises.egg-info
[0.917s] writing ../../build/exercises/exercises.egg-info/PKG-INFO
[0.917s] writing dependency_links to ../../build/exercises/exercises.egg-info/dependency_links.txt
[0.918s] writing entry points to ../../build/exercises/exercises.egg-info/entry_points.txt
[0.918s] writing requirements to ../../build/exercises/exercises.egg-info/requires.txt
[0.918s] writing top-level names to ../../build/exercises/exercises.egg-info/top_level.txt
[0.918s] writing manifest file '../../build/exercises/exercises.egg-info/SOURCES.txt'
[0.920s] reading manifest file '../../build/exercises/exercises.egg-info/SOURCES.txt'
[0.921s] writing manifest file '../../build/exercises/exercises.egg-info/SOURCES.txt'
[0.921s] running build
[0.921s] running build_py
[0.921s] creating /workspaces/ros2-python-course/build/exercises/build
[0.921s] creating /workspaces/ros2-python-course/build/exercises/build/lib
[0.921s] creating /workspaces/ros2-python-course/build/exercises/build/lib/exercises
[0.922s] copying exercises/ex1.py -> /workspaces/ros2-python-course/build/exercises/build/lib/exercises
[0.922s] copying exercises/__init__.py -> /workspaces/ros2-python-course/build/exercises/build/lib/exercises
[0.922s] copying exercises/ex1_solution.py -> /workspaces/ros2-python-course/build/exercises/build/lib/exercises
[0.922s] running install
[0.929s] /usr/lib/python3/dist-packages/setuptools/command/install.py:34: SetuptoolsDeprecationWarning: setup.py install is deprecated. Use build and pip and other standards-based tools.
[0.929s]   warnings.warn(
[0.929s] running install_lib
[0.930s] creating /workspaces/ros2-python-course/install/exercises/lib/python3.10/site-packages/exercises
[0.930s] copying /workspaces/ros2-python-course/build/exercises/build/lib/exercises/ex1.py -> /workspaces/ros2-python-course/install/exercises/lib/python3.10/site-packages/exercises
[0.930s] copying /workspaces/ros2-python-course/build/exercises/build/lib/exercises/__init__.py -> /workspaces/ros2-python-course/install/exercises/lib/python3.10/site-packages/exercises
[0.930s] copying /workspaces/ros2-python-course/build/exercises/build/lib/exercises/ex1_solution.py -> /workspaces/ros2-python-course/install/exercises/lib/python3.10/site-packages/exercises
[0.931s] byte-compiling /workspaces/ros2-python-course/install/exercises/lib/python3.10/site-packages/exercises/ex1.py to ex1.cpython-310.pyc
[0.933s] byte-compiling /workspaces/ros2-python-course/install/exercises/lib/python3.10/site-packages/exercises/__init__.py to __init__.cpython-310.pyc
[0.933s] byte-compiling /workspaces/ros2-python-course/install/exercises/lib/python3.10/site-packages/exercises/ex1_solution.py to ex1_solution.cpython-310.pyc
[0.934s] running install_data
[0.934s] creating /workspaces/ros2-python-course/install/exercises/share/ament_index
[0.934s] creating /workspaces/ros2-python-course/install/exercises/share/ament_index/resource_index
[0.934s] creating /workspaces/ros2-python-course/install/exercises/share/ament_index/resource_index/packages
[0.934s] copying resource/exercises -> /workspaces/ros2-python-course/install/exercises/share/ament_index/resource_index/packages
[0.935s] copying package.xml -> /workspaces/ros2-python-course/install/exercises/share/exercises
[0.935s] running install_egg_info
[0.936s] Copying ../../build/exercises/exercises.egg-info to /workspaces/ros2-python-course/install/exercises/lib/python3.10/site-packages/exercises-0.0.0-py3.10.egg-info
[0.937s] running install_scripts
[0.961s] Installing ex1 script to /workspaces/ros2-python-course/install/exercises/lib/exercises
[0.961s] writing list of installed files to '/workspaces/ros2-python-course/build/exercises/install.log'
[0.993s] Invoked command in '/workspaces/ros2-python-course/src/exercises' returned '0': PYTHONPATH=/workspaces/ros2-python-course/build/exercises/prefix_override:/workspaces/ros2-python-course/install/exercises/lib/python3.10/site-packages:${PYTHONPATH} /usr/bin/python3 setup.py egg_info --egg-base ../../build/exercises build --build-base /workspaces/ros2-python-course/build/exercises/build install --record /workspaces/ros2-python-course/build/exercises/install.log --single-version-externally-managed
