[0.547s] Invoking command in '/workspaces/ros2-python-course/src/exercises': PYTHONPATH=/workspaces/ros2-python-course/build/exercises/prefix_override:/workspaces/ros2-python-course/install/exercises/lib/python3.10/site-packages:${PYTHONPATH} /usr/bin/python3 setup.py egg_info --egg-base ../../build/exercises build --build-base /workspaces/ros2-python-course/build/exercises/build install --record /workspaces/ros2-python-course/build/exercises/install.log --single-version-externally-managed
[0.788s] running egg_info
[0.789s] writing ../../build/exercises/exercises.egg-info/PKG-INFO
[0.789s] writing dependency_links to ../../build/exercises/exercises.egg-info/dependency_links.txt
[0.789s] writing entry points to ../../build/exercises/exercises.egg-info/entry_points.txt
[0.790s] writing requirements to ../../build/exercises/exercises.egg-info/requires.txt
[0.790s] writing top-level names to ../../build/exercises/exercises.egg-info/top_level.txt
[0.791s] reading manifest file '../../build/exercises/exercises.egg-info/SOURCES.txt'
[0.792s] writing manifest file '../../build/exercises/exercises.egg-info/SOURCES.txt'
[0.792s] running build
[0.792s] running build_py
[0.792s] copying exercises/ex1_solution.py -> /workspaces/ros2-python-course/build/exercises/build/lib/exercises
[0.793s] running install
[0.793s] /usr/lib/python3/dist-packages/setuptools/command/install.py:34: SetuptoolsDeprecationWarning: setup.py install is deprecated. Use build and pip and other standards-based tools.
[0.793s]   warnings.warn(
[0.793s] running install_lib
[0.794s] copying /workspaces/ros2-python-course/build/exercises/build/lib/exercises/ex1_solution.py -> /workspaces/ros2-python-course/install/exercises/lib/python3.10/site-packages/exercises
[0.795s] byte-compiling /workspaces/ros2-python-course/install/exercises/lib/python3.10/site-packages/exercises/ex1_solution.py to ex1_solution.cpython-310.pyc
[0.796s] running install_data
[0.797s] running install_egg_info
[0.798s] removing '/workspaces/ros2-python-course/install/exercises/lib/python3.10/site-packages/exercises-0.0.0-py3.10.egg-info' (and everything under it)
[0.798s] Copying ../../build/exercises/exercises.egg-info to /workspaces/ros2-python-course/install/exercises/lib/python3.10/site-packages/exercises-0.0.0-py3.10.egg-info
[0.799s] running install_scripts
[0.822s] Installing ex1 = exercises.ex1:mainex1_solution script to /workspaces/ros2-python-course/install/exercises/lib/exercises
[0.822s] writing list of installed files to '/workspaces/ros2-python-course/build/exercises/install.log'
[0.845s] Invoked command in '/workspaces/ros2-python-course/src/exercises' returned '0': PYTHONPATH=/workspaces/ros2-python-course/build/exercises/prefix_override:/workspaces/ros2-python-course/install/exercises/lib/python3.10/site-packages:${PYTHONPATH} /usr/bin/python3 setup.py egg_info --egg-base ../../build/exercises build --build-base /workspaces/ros2-python-course/build/exercises/build install --record /workspaces/ros2-python-course/build/exercises/install.log --single-version-externally-managed
