[0.242s] DEBUG:colcon:Command line arguments: ['/usr/bin/colcon', 'build', '--packages-select', 'exercises']
[0.242s] DEBUG:colcon:Parsed command line arguments: Namespace(log_base=None, log_level=None, verb_name='build', build_base='build', install_base='install', merge_install=False, symlink_install=False, test_result_base=None, continue_on_error=False, executor='parallel', parallel_workers=8, event_handlers=None, ignore_user_meta=False, metas=['./colcon.meta'], base_paths=['.'], packages_ignore=None, packages_ignore_regex=None, paths=None, packages_up_to=None, packages_up_to_regex=None, packages_above=None, packages_above_and_dependencies=None, packages_above_depth=None, packages_select_by_dep=None, packages_skip_by_dep=None, packages_skip_up_to=None, packages_select_build_failed=False, packages_skip_build_finished=False, packages_select_test_failures=False, packages_skip_test_passed=False, packages_select=['exercises'], packages_skip=None, packages_select_regex=None, packages_skip_regex=None, packages_start=None, packages_end=None, allow_overriding=[], cmake_args=None, cmake_target=None, cmake_target_skip_unavailable=False, cmake_clean_cache=False, cmake_clean_first=False, cmake_force_configure=False, ament_cmake_args=None, catkin_cmake_args=None, catkin_skip_building_tests=False, verb_parser=<colcon_defaults.argument_parser.defaults.DefaultArgumentsDecorator object at 0x7f5280b015d0>, verb_extension=<colcon_core.verb.build.BuildVerb object at 0x7f5280ded420>, main=<bound method BuildVerb.main of <colcon_core.verb.build.BuildVerb object at 0x7f5280ded420>>)
[0.263s] Level 1:colcon.colcon_core.package_discovery:discover_packages(colcon_meta) check parameters
[0.263s] Level 1:colcon.colcon_core.package_discovery:discover_packages(recursive) check parameters
[0.263s] Level 1:colcon.colcon_core.package_discovery:discover_packages(ignore) check parameters
[0.263s] Level 1:colcon.colcon_core.package_discovery:discover_packages(path) check parameters
[0.263s] Level 1:colcon.colcon_core.package_discovery:discover_packages(colcon_meta) discover
[0.263s] Level 1:colcon.colcon_core.package_discovery:discover_packages(recursive) discover
[0.263s] INFO:colcon.colcon_core.package_discovery:Crawling recursively for packages in '/workspaces/ros2-python-course'
[0.263s] Level 1:colcon.colcon_core.package_identification:_identify(.) by extensions ['ignore', 'ignore_ament_install']
[0.263s] Level 1:colcon.colcon_core.package_identification:_identify(.) by extension 'ignore'
[0.263s] Level 1:colcon.colcon_core.package_identification:_identify(.) by extension 'ignore_ament_install'
[0.263s] Level 1:colcon.colcon_core.package_identification:_identify(.) by extensions ['colcon_pkg']
[0.263s] Level 1:colcon.colcon_core.package_identification:_identify(.) by extension 'colcon_pkg'
[0.263s] Level 1:colcon.colcon_core.package_identification:_identify(.) by extensions ['colcon_meta']
[0.264s] Level 1:colcon.colcon_core.package_identification:_identify(.) by extension 'colcon_meta'
[0.264s] Level 1:colcon.colcon_core.package_identification:_identify(.) by extensions ['ros']
[0.264s] Level 1:colcon.colcon_core.package_identification:_identify(.) by extension 'ros'
[0.290s] Level 1:colcon.colcon_core.package_identification:_identify(.) by extensions ['cmake', 'python']
[0.290s] Level 1:colcon.colcon_core.package_identification:_identify(.) by extension 'cmake'
[0.290s] Level 1:colcon.colcon_core.package_identification:_identify(.) by extension 'python'
[0.290s] Level 1:colcon.colcon_core.package_identification:_identify(.) by extensions ['python_setup_py']
[0.290s] Level 1:colcon.colcon_core.package_identification:_identify(.) by extension 'python_setup_py'
[0.290s] Level 1:colcon.colcon_core.package_identification:_identify(build) by extensions ['ignore', 'ignore_ament_install']
[0.290s] Level 1:colcon.colcon_core.package_identification:_identify(build) by extension 'ignore'
[0.291s] Level 1:colcon.colcon_core.package_identification:_identify(build) ignored
[0.291s] Level 1:colcon.colcon_core.package_identification:_identify(install) by extensions ['ignore', 'ignore_ament_install']
[0.291s] Level 1:colcon.colcon_core.package_identification:_identify(install) by extension 'ignore'
[0.291s] Level 1:colcon.colcon_core.package_identification:_identify(install) ignored
[0.291s] Level 1:colcon.colcon_core.package_identification:_identify(log) by extensions ['ignore', 'ignore_ament_install']
[0.291s] Level 1:colcon.colcon_core.package_identification:_identify(log) by extension 'ignore'
[0.291s] Level 1:colcon.colcon_core.package_identification:_identify(log) ignored
[0.292s] Level 1:colcon.colcon_core.package_identification:_identify(src) by extensions ['ignore', 'ignore_ament_install']
[0.292s] Level 1:colcon.colcon_core.package_identification:_identify(src) by extension 'ignore'
[0.292s] Level 1:colcon.colcon_core.package_identification:_identify(src) by extension 'ignore_ament_install'
[0.292s] Level 1:colcon.colcon_core.package_identification:_identify(src) by extensions ['colcon_pkg']
[0.292s] Level 1:colcon.colcon_core.package_identification:_identify(src) by extension 'colcon_pkg'
[0.292s] Level 1:colcon.colcon_core.package_identification:_identify(src) by extensions ['colcon_meta']
[0.292s] Level 1:colcon.colcon_core.package_identification:_identify(src) by extension 'colcon_meta'
[0.292s] Level 1:colcon.colcon_core.package_identification:_identify(src) by extensions ['ros']
[0.292s] Level 1:colcon.colcon_core.package_identification:_identify(src) by extension 'ros'
[0.292s] Level 1:colcon.colcon_core.package_identification:_identify(src) by extensions ['cmake', 'python']
[0.292s] Level 1:colcon.colcon_core.package_identification:_identify(src) by extension 'cmake'
[0.292s] Level 1:colcon.colcon_core.package_identification:_identify(src) by extension 'python'
[0.293s] Level 1:colcon.colcon_core.package_identification:_identify(src) by extensions ['python_setup_py']
[0.293s] Level 1:colcon.colcon_core.package_identification:_identify(src) by extension 'python_setup_py'
[0.293s] Level 1:colcon.colcon_core.package_identification:_identify(src/exercises) by extensions ['ignore', 'ignore_ament_install']
[0.293s] Level 1:colcon.colcon_core.package_identification:_identify(src/exercises) by extension 'ignore'
[0.293s] Level 1:colcon.colcon_core.package_identification:_identify(src/exercises) by extension 'ignore_ament_install'
[0.293s] Level 1:colcon.colcon_core.package_identification:_identify(src/exercises) by extensions ['colcon_pkg']
[0.293s] Level 1:colcon.colcon_core.package_identification:_identify(src/exercises) by extension 'colcon_pkg'
[0.293s] Level 1:colcon.colcon_core.package_identification:_identify(src/exercises) by extensions ['colcon_meta']
[0.293s] Level 1:colcon.colcon_core.package_identification:_identify(src/exercises) by extension 'colcon_meta'
[0.293s] Level 1:colcon.colcon_core.package_identification:_identify(src/exercises) by extensions ['ros']
[0.294s] Level 1:colcon.colcon_core.package_identification:_identify(src/exercises) by extension 'ros'
[0.297s] DEBUG:colcon.colcon_core.package_identification:Package 'src/exercises' with type 'ros.ament_python' and name 'exercises'
[0.297s] Level 1:colcon.colcon_core.package_discovery:discover_packages(recursive) using defaults
[0.297s] Level 1:colcon.colcon_core.package_discovery:discover_packages(ignore) discover
[0.298s] Level 1:colcon.colcon_core.package_discovery:discover_packages(ignore) using defaults
[0.298s] Level 1:colcon.colcon_core.package_discovery:discover_packages(path) discover
[0.298s] Level 1:colcon.colcon_core.package_discovery:discover_packages(path) using defaults
[0.323s] Level 1:colcon.colcon_core.package_discovery:discover_packages(prefix_path) check parameters
[0.323s] Level 1:colcon.colcon_core.package_discovery:discover_packages(prefix_path) discover
[0.325s] DEBUG:colcon.colcon_installed_package_information.package_discovery:Found 1 installed packages in /workspaces/ros2-python-course/install
[0.327s] DEBUG:colcon.colcon_installed_package_information.package_discovery:Found 222 installed packages in /opt/ros/humble
[0.330s] Level 1:colcon.colcon_core.package_discovery:discover_packages(prefix_path) using defaults
[0.383s] Level 5:colcon.colcon_core.verb:set package 'exercises' build argument 'cmake_args' from command line to 'None'
[0.383s] Level 5:colcon.colcon_core.verb:set package 'exercises' build argument 'cmake_target' from command line to 'None'
[0.383s] Level 5:colcon.colcon_core.verb:set package 'exercises' build argument 'cmake_target_skip_unavailable' from command line to 'False'
[0.383s] Level 5:colcon.colcon_core.verb:set package 'exercises' build argument 'cmake_clean_cache' from command line to 'False'
[0.383s] Level 5:colcon.colcon_core.verb:set package 'exercises' build argument 'cmake_clean_first' from command line to 'False'
[0.383s] Level 5:colcon.colcon_core.verb:set package 'exercises' build argument 'cmake_force_configure' from command line to 'False'
[0.383s] Level 5:colcon.colcon_core.verb:set package 'exercises' build argument 'ament_cmake_args' from command line to 'None'
[0.383s] Level 5:colcon.colcon_core.verb:set package 'exercises' build argument 'catkin_cmake_args' from command line to 'None'
[0.383s] Level 5:colcon.colcon_core.verb:set package 'exercises' build argument 'catkin_skip_building_tests' from command line to 'False'
[0.383s] DEBUG:colcon.colcon_core.verb:Building package 'exercises' with the following arguments: {'ament_cmake_args': None, 'build_base': '/workspaces/ros2-python-course/build/exercises', 'catkin_cmake_args': None, 'catkin_skip_building_tests': False, 'cmake_args': None, 'cmake_clean_cache': False, 'cmake_clean_first': False, 'cmake_force_configure': False, 'cmake_target': None, 'cmake_target_skip_unavailable': False, 'install_base': '/workspaces/ros2-python-course/install/exercises', 'merge_install': False, 'path': '/workspaces/ros2-python-course/src/exercises', 'symlink_install': False, 'test_result_base': None}
[0.384s] INFO:colcon.colcon_core.executor:Executing jobs using 'parallel' executor
[0.387s] DEBUG:colcon.colcon_parallel_executor.executor.parallel:run_until_complete
[0.387s] INFO:colcon.colcon_ros.task.ament_python.build:Building ROS package in '/workspaces/ros2-python-course/src/exercises' with build type 'ament_python'
[0.388s] Level 1:colcon.colcon_core.shell:create_environment_hook('exercises', 'ament_prefix_path')
[0.392s] INFO:colcon.colcon_core.plugin_system:Skipping extension 'colcon_core.shell.bat': Not used on non-Windows systems
[0.392s] INFO:colcon.colcon_core.shell:Creating environment hook '/workspaces/ros2-python-course/install/exercises/share/exercises/hook/ament_prefix_path.ps1'
[0.392s] INFO:colcon.colcon_core.shell:Creating environment descriptor '/workspaces/ros2-python-course/install/exercises/share/exercises/hook/ament_prefix_path.dsv'
[0.393s] INFO:colcon.colcon_core.shell:Creating environment hook '/workspaces/ros2-python-course/install/exercises/share/exercises/hook/ament_prefix_path.sh'
[0.394s] INFO:colcon.colcon_core.shell:Skip shell extension 'powershell' for command environment: Not usable outside of PowerShell
[0.394s] DEBUG:colcon.colcon_core.shell:Skip shell extension 'dsv' for command environment
[0.616s] INFO:colcon.colcon_core.task.python.build:Building Python package in '/workspaces/ros2-python-course/src/exercises'
[0.618s] INFO:colcon.colcon_core.shell:Skip shell extension 'powershell' for command environment: Not usable outside of PowerShell
[0.618s] DEBUG:colcon.colcon_core.shell:Skip shell extension 'dsv' for command environment
[0.911s] DEBUG:colcon.colcon_core.event_handler.log_command:Invoking command in '/workspaces/ros2-python-course/src/exercises': PYTHONPATH=/workspaces/ros2-python-course/build/exercises/prefix_override:/workspaces/ros2-python-course/install/exercises/lib/python3.10/site-packages:${PYTHONPATH} /usr/bin/python3 setup.py egg_info --egg-base ../../build/exercises build --build-base /workspaces/ros2-python-course/build/exercises/build install --record /workspaces/ros2-python-course/build/exercises/install.log --single-version-externally-managed
[1.185s] DEBUG:colcon.colcon_core.event_handler.log_command:Invoked command in '/workspaces/ros2-python-course/src/exercises' returned '0': PYTHONPATH=/workspaces/ros2-python-course/build/exercises/prefix_override:/workspaces/ros2-python-course/install/exercises/lib/python3.10/site-packages:${PYTHONPATH} /usr/bin/python3 setup.py egg_info --egg-base ../../build/exercises build --build-base /workspaces/ros2-python-course/build/exercises/build install --record /workspaces/ros2-python-course/build/exercises/install.log --single-version-externally-managed
[1.189s] Level 1:colcon.colcon_core.environment:checking '/workspaces/ros2-python-course/install/exercises' for CMake module files
[1.190s] Level 1:colcon.colcon_core.environment:checking '/workspaces/ros2-python-course/install/exercises' for CMake config files
[1.190s] Level 1:colcon.colcon_core.environment:checking '/workspaces/ros2-python-course/install/exercises/lib'
[1.191s] Level 1:colcon.colcon_core.environment:checking '/workspaces/ros2-python-course/install/exercises/bin'
[1.191s] Level 1:colcon.colcon_core.environment:checking '/workspaces/ros2-python-course/install/exercises/lib/pkgconfig/exercises.pc'
[1.191s] Level 1:colcon.colcon_core.environment:checking '/workspaces/ros2-python-course/install/exercises/lib/python3.10/site-packages'
[1.191s] Level 1:colcon.colcon_core.shell:create_environment_hook('exercises', 'pythonpath')
[1.192s] INFO:colcon.colcon_core.shell:Creating environment hook '/workspaces/ros2-python-course/install/exercises/share/exercises/hook/pythonpath.ps1'
[1.193s] INFO:colcon.colcon_core.shell:Creating environment descriptor '/workspaces/ros2-python-course/install/exercises/share/exercises/hook/pythonpath.dsv'
[1.193s] INFO:colcon.colcon_core.shell:Creating environment hook '/workspaces/ros2-python-course/install/exercises/share/exercises/hook/pythonpath.sh'
[1.193s] Level 1:colcon.colcon_core.environment:checking '/workspaces/ros2-python-course/install/exercises/bin'
[1.194s] Level 1:colcon.colcon_core.environment:create_environment_scripts_only(exercises)
[1.196s] INFO:colcon.colcon_core.shell:Creating package script '/workspaces/ros2-python-course/install/exercises/share/exercises/package.ps1'
[1.197s] INFO:colcon.colcon_core.shell:Creating package descriptor '/workspaces/ros2-python-course/install/exercises/share/exercises/package.dsv'
[1.198s] INFO:colcon.colcon_core.shell:Creating package script '/workspaces/ros2-python-course/install/exercises/share/exercises/package.sh'
[1.199s] INFO:colcon.colcon_core.shell:Creating package script '/workspaces/ros2-python-course/install/exercises/share/exercises/package.bash'
[1.200s] INFO:colcon.colcon_core.shell:Creating package script '/workspaces/ros2-python-course/install/exercises/share/exercises/package.zsh'
[1.201s] Level 1:colcon.colcon_core.environment:create_file_with_runtime_dependencies(/workspaces/ros2-python-course/install/exercises/share/colcon-core/packages/exercises)
[1.202s] DEBUG:colcon.colcon_parallel_executor.executor.parallel:closing loop
[1.202s] DEBUG:colcon.colcon_parallel_executor.executor.parallel:loop closed
[1.202s] DEBUG:colcon.colcon_parallel_executor.executor.parallel:run_until_complete finished with '0'
[1.203s] DEBUG:colcon.colcon_core.event_reactor:joining thread
[1.213s] INFO:colcon.colcon_core.plugin_system:Skipping extension 'colcon_notification.desktop_notification.notify_send': Could not find 'notify-send'
[1.213s] INFO:colcon.colcon_core.plugin_system:Skipping extension 'colcon_notification.desktop_notification.terminal_notifier': Not used on non-Darwin systems
[1.213s] INFO:colcon.colcon_core.plugin_system:Skipping extension 'colcon_notification.desktop_notification.win32': Not used on non-Windows systems
[1.213s] INFO:colcon.colcon_notification.desktop_notification:Sending desktop notification using 'notify2'
[1.215s] DEBUG:colcon.colcon_notification.desktop_notification.notify2:Failed to initialize notify2: org.freedesktop.DBus.Error.Spawn.ExecFailed: /usr/bin/dbus-launch terminated abnormally without any error message
[1.215s] DEBUG:colcon.colcon_core.event_reactor:joined thread
[1.217s] INFO:colcon.colcon_core.shell:Creating prefix script '/workspaces/ros2-python-course/install/local_setup.ps1'
[1.218s] INFO:colcon.colcon_core.shell:Creating prefix util module '/workspaces/ros2-python-course/install/_local_setup_util_ps1.py'
[1.220s] INFO:colcon.colcon_core.shell:Creating prefix chain script '/workspaces/ros2-python-course/install/setup.ps1'
[1.222s] INFO:colcon.colcon_core.shell:Creating prefix script '/workspaces/ros2-python-course/install/local_setup.sh'
[1.223s] INFO:colcon.colcon_core.shell:Creating prefix util module '/workspaces/ros2-python-course/install/_local_setup_util_sh.py'
[1.224s] INFO:colcon.colcon_core.shell:Creating prefix chain script '/workspaces/ros2-python-course/install/setup.sh'
[1.226s] INFO:colcon.colcon_core.shell:Creating prefix script '/workspaces/ros2-python-course/install/local_setup.bash'
[1.227s] INFO:colcon.colcon_core.shell:Creating prefix chain script '/workspaces/ros2-python-course/install/setup.bash'
[1.228s] INFO:colcon.colcon_core.shell:Creating prefix script '/workspaces/ros2-python-course/install/local_setup.zsh'
[1.228s] INFO:colcon.colcon_core.shell:Creating prefix chain script '/workspaces/ros2-python-course/install/setup.zsh'
