[0.577s] Invoking command in '/workspaces/ros2-python-course/src/exercises': PYTHONPATH=/workspaces/ros2-python-course/build/exercises/prefix_override:/workspaces/ros2-python-course/install/exercises/lib/python3.10/site-packages:${PYTHONPATH} /usr/bin/python3 setup.py egg_info --egg-base ../../build/exercises build --build-base /workspaces/ros2-python-course/build/exercises/build install --record /workspaces/ros2-python-course/build/exercises/install.log --single-version-externally-managed
[0.805s] running egg_info
[0.805s] writing ../../build/exercises/exercises.egg-info/PKG-INFO
[0.806s] writing dependency_links to ../../build/exercises/exercises.egg-info/dependency_links.txt
[0.806s] writing entry points to ../../build/exercises/exercises.egg-info/entry_points.txt
[0.806s] writing requirements to ../../build/exercises/exercises.egg-info/requires.txt
[0.806s] writing top-level names to ../../build/exercises/exercises.egg-info/top_level.txt
[0.809s] reading manifest file '../../build/exercises/exercises.egg-info/SOURCES.txt'
[0.810s] writing manifest file '../../build/exercises/exercises.egg-info/SOURCES.txt'
[0.810s] running build
[0.811s] running build_py
[0.811s] copying exercises/ex1.py -> /workspaces/ros2-python-course/build/exercises/build/lib/exercises
[0.811s] running install
[0.811s] /usr/lib/python3/dist-packages/setuptools/command/install.py:34: SetuptoolsDeprecationWarning: setup.py install is deprecated. Use build and pip and other standards-based tools.
[0.811s]   warnings.warn(
[0.812s] running install_lib
[0.813s] copying /workspaces/ros2-python-course/build/exercises/build/lib/exercises/ex1.py -> /workspaces/ros2-python-course/install/exercises/lib/python3.10/site-packages/exercises
[0.814s] byte-compiling /workspaces/ros2-python-course/install/exercises/lib/python3.10/site-packages/exercises/ex1.py to ex1.cpython-310.pyc
[0.816s] running install_data
[0.817s] running install_egg_info
[0.819s] removing '/workspaces/ros2-python-course/install/exercises/lib/python3.10/site-packages/exercises-0.0.0-py3.10.egg-info' (and everything under it)
[0.819s] Copying ../../build/exercises/exercises.egg-info to /workspaces/ros2-python-course/install/exercises/lib/python3.10/site-packages/exercises-0.0.0-py3.10.egg-info
[0.820s] running install_scripts
[0.840s] Installing ex1 script to /workspaces/ros2-python-course/install/exercises/lib/exercises
[0.841s] writing list of installed files to '/workspaces/ros2-python-course/build/exercises/install.log'
[0.863s] Invoked command in '/workspaces/ros2-python-course/src/exercises' returned '0': PYTHONPATH=/workspaces/ros2-python-course/build/exercises/prefix_override:/workspaces/ros2-python-course/install/exercises/lib/python3.10/site-packages:${PYTHONPATH} /usr/bin/python3 setup.py egg_info --egg-base ../../build/exercises build --build-base /workspaces/ros2-python-course/build/exercises/build install --record /workspaces/ros2-python-course/build/exercises/install.log --single-version-externally-managed
