[0.591s] Invoking command in '/workspaces/ros2-python-course/src/exercises': PYTHONPATH=/workspaces/ros2-python-course/build/exercises/prefix_override:/workspaces/ros2-python-course/install/exercises/lib/python3.10/site-packages:${PYTHONPATH} /usr/bin/python3 setup.py egg_info --egg-base ../../build/exercises build --build-base /workspaces/ros2-python-course/build/exercises/build install --record /workspaces/ros2-python-course/build/exercises/install.log --single-version-externally-managed
[0.824s] running egg_info
[0.824s] writing ../../build/exercises/exercises.egg-info/PKG-INFO
[0.824s] writing dependency_links to ../../build/exercises/exercises.egg-info/dependency_links.txt
[0.825s] writing entry points to ../../build/exercises/exercises.egg-info/entry_points.txt
[0.825s] writing requirements to ../../build/exercises/exercises.egg-info/requires.txt
[0.825s] writing top-level names to ../../build/exercises/exercises.egg-info/top_level.txt
[0.826s] reading manifest file '../../build/exercises/exercises.egg-info/SOURCES.txt'
[0.827s] writing manifest file '../../build/exercises/exercises.egg-info/SOURCES.txt'
[0.827s] running build
[0.827s] running build_py
[0.827s] copying exercises/ex1.py -> /workspaces/ros2-python-course/build/exercises/build/lib/exercises
[0.827s] running install
[0.828s] /usr/lib/python3/dist-packages/setuptools/command/install.py:34: SetuptoolsDeprecationWarning: setup.py install is deprecated. Use build and pip and other standards-based tools.
[0.828s]   warnings.warn(
[0.828s] running install_lib
[0.829s] copying /workspaces/ros2-python-course/build/exercises/build/lib/exercises/ex1.py -> /workspaces/ros2-python-course/install/exercises/lib/python3.10/site-packages/exercises
[0.830s] byte-compiling /workspaces/ros2-python-course/install/exercises/lib/python3.10/site-packages/exercises/ex1.py to ex1.cpython-310.pyc
[0.832s] running install_data
[0.832s] running install_egg_info
[0.834s] removing '/workspaces/ros2-python-course/install/exercises/lib/python3.10/site-packages/exercises-0.0.0-py3.10.egg-info' (and everything under it)
[0.834s] Copying ../../build/exercises/exercises.egg-info to /workspaces/ros2-python-course/install/exercises/lib/python3.10/site-packages/exercises-0.0.0-py3.10.egg-info
[0.835s] running install_scripts
[0.856s] Installing ex1 script to /workspaces/ros2-python-course/install/exercises/lib/exercises
[0.856s] writing list of installed files to '/workspaces/ros2-python-course/build/exercises/install.log'
[0.876s] Invoked command in '/workspaces/ros2-python-course/src/exercises' returned '0': PYTHONPATH=/workspaces/ros2-python-course/build/exercises/prefix_override:/workspaces/ros2-python-course/install/exercises/lib/python3.10/site-packages:${PYTHONPATH} /usr/bin/python3 setup.py egg_info --egg-base ../../build/exercises build --build-base /workspaces/ros2-python-course/build/exercises/build install --record /workspaces/ros2-python-course/build/exercises/install.log --single-version-externally-managed
